<?xml version="1.0" encoding="UTF-8"?>
<!-- Generated by org.testng.reporters.JUnitXMLReporter -->
<testsuite ignored="0" hostname="LAPTOP-MB7DGVQG" failures="0" tests="4" name="Test" time="4.583" errors="0" timestamp="2024-05-13T17:08:15 IST">
  <testcase classname="Search.NewTest1" name="f" time="0.005"/>
  <testcase classname="Search.NewTest2" name="f" time="0.002"/>
  <testcase classname="Home.Home" name="f" time="0.179"/>
  <testcase classname="Home.NewTest2" name="f" time="0.001"/>
</testsuite> <!-- Test -->
