<?xml version="1.0" encoding="UTF-8"?>
<testng-results ignored="0" total="4" passed="4" failed="0" skipped="0">
  <reporter-output>
  </reporter-output>
  <suite started-at="2024-05-13T16:01:21 IST" name="Suite" finished-at="2024-05-13T16:01:21 IST" duration-ms="43">
    <groups>
    </groups>
    <test started-at="2024-05-13T16:01:21 IST" name="Test" finished-at="2024-05-13T16:01:21 IST" duration-ms="43">
      <class name="Home.NewTest2">
        <test-method signature="f()[pri:0, instance:Home.NewTest2@2b6faea6]" started-at="2024-05-13T16:01:21 IST" name="f" finished-at="2024-05-13T16:01:21 IST" duration-ms="1" status="PASS">
          <reporter-output>
          </reporter-output>
        </test-method> <!-- f -->
      </class> <!-- Home.NewTest2 -->
      <class name="Home.NewTest1">
        <test-method signature="f()[pri:0, instance:Home.NewTest1@778d1062]" started-at="2024-05-13T16:01:21 IST" name="f" finished-at="2024-05-13T16:01:21 IST" duration-ms="1" status="PASS">
          <reporter-output>
          </reporter-output>
        </test-method> <!-- f -->
      </class> <!-- Home.NewTest1 -->
      <class name="Search.NewTest1">
        <test-method signature="f()[pri:0, instance:Search.NewTest1@12b0404f]" started-at="2024-05-13T16:01:21 IST" name="f" finished-at="2024-05-13T16:01:21 IST" duration-ms="6" status="PASS">
          <reporter-output>
          </reporter-output>
        </test-method> <!-- f -->
      </class> <!-- Search.NewTest1 -->
      <class name="Search.NewTest2">
        <test-method signature="f()[pri:0, instance:Search.NewTest2@1e802ef9]" started-at="2024-05-13T16:01:21 IST" name="f" finished-at="2024-05-13T16:01:21 IST" duration-ms="2" status="PASS">
          <reporter-output>
          </reporter-output>
        </test-method> <!-- f -->
      </class> <!-- Search.NewTest2 -->
    </test> <!-- Test -->
  </suite> <!-- Suite -->
</testng-results>
