<?xml version="1.0" encoding="UTF-8"?>
<testng-results ignored="0" total="1" passed="1" failed="0" skipped="0">
  <reporter-output>
  </reporter-output>
  <suite started-at="2024-05-13T17:12:37 IST" name="Default suite" finished-at="2024-05-13T17:12:43 IST" duration-ms="5221">
    <groups>
    </groups>
    <test started-at="2024-05-13T17:12:37 IST" name="Default test" finished-at="2024-05-13T17:12:43 IST" duration-ms="5221">
      <class name="Search.Search">
        <test-method is-config="true" signature="tearTest()[pri:0, instance:Search.Search@3835c46]" started-at="2024-05-13T17:12:37 IST" name="tearTest" finished-at="2024-05-13T17:12:42 IST" duration-ms="4434" status="PASS">
          <reporter-output>
          </reporter-output>
        </test-method> <!-- tearTest -->
        <test-method signature="f()[pri:0, instance:Search.Search@3835c46]" started-at="2024-05-13T17:12:42 IST" name="f" finished-at="2024-05-13T17:12:42 IST" duration-ms="189" status="PASS">
          <reporter-output>
          </reporter-output>
        </test-method> <!-- f -->
        <test-method is-config="true" signature="tearDown()[pri:0, instance:Search.Search@3835c46]" started-at="2024-05-13T17:12:42 IST" name="tearDown" finished-at="2024-05-13T17:12:43 IST" duration-ms="571" status="PASS">
          <reporter-output>
          </reporter-output>
        </test-method> <!-- tearDown -->
      </class> <!-- Search.Search -->
    </test> <!-- Default test -->
  </suite> <!-- Default suite -->
</testng-results>
