<?xml version="1.0" encoding="UTF-8"?>
<testng-results ignored="0" total="4" passed="4" failed="0" skipped="0">
  <reporter-output>
  </reporter-output>
  <suite started-at="2024-05-13T16:03:11 IST" name="Suite" finished-at="2024-05-13T16:03:11 IST" duration-ms="38">
    <groups>
    </groups>
    <test started-at="2024-05-13T16:03:11 IST" name="Test" finished-at="2024-05-13T16:03:11 IST" duration-ms="38">
      <class name="Home.NewTest2">
        <test-method signature="f()[pri:0, instance:Home.NewTest2@4d339552]" started-at="2024-05-13T16:03:11 IST" name="f" finished-at="2024-05-13T16:03:11 IST" duration-ms="0" status="PASS">
          <reporter-output>
          </reporter-output>
        </test-method> <!-- f -->
      </class> <!-- Home.NewTest2 -->
      <class name="Home.NewTest1">
        <test-method signature="f()[pri:0, instance:Home.NewTest1@3f200884]" started-at="2024-05-13T16:03:11 IST" name="f" finished-at="2024-05-13T16:03:11 IST" duration-ms="0" status="PASS">
          <reporter-output>
          </reporter-output>
        </test-method> <!-- f -->
      </class> <!-- Home.NewTest1 -->
      <class name="Search.NewTest1">
        <test-method signature="f()[pri:0, instance:Search.NewTest1@ba8d91c]" started-at="2024-05-13T16:03:11 IST" name="f" finished-at="2024-05-13T16:03:11 IST" duration-ms="2" status="PASS">
          <reporter-output>
          </reporter-output>
        </test-method> <!-- f -->
      </class> <!-- Search.NewTest1 -->
      <class name="Search.NewTest2">
        <test-method signature="f()[pri:0, instance:Search.NewTest2@69b794e2]" started-at="2024-05-13T16:03:11 IST" name="f" finished-at="2024-05-13T16:03:11 IST" duration-ms="0" status="PASS">
          <reporter-output>
          </reporter-output>
        </test-method> <!-- f -->
      </class> <!-- Search.NewTest2 -->
    </test> <!-- Test -->
  </suite> <!-- Suite -->
</testng-results>
