<?xml version="1.0" encoding="UTF-8"?>
<testng-results ignored="0" total="2" passed="2" failed="0" skipped="0">
  <reporter-output>
  </reporter-output>
  <suite started-at="2024-05-13T17:13:04 IST" name="Suite" finished-at="2024-05-13T17:13:12 IST" duration-ms="8363">
    <groups>
    </groups>
    <test started-at="2024-05-13T17:13:04 IST" name="Test" finished-at="2024-05-13T17:13:12 IST" duration-ms="8363">
      <class name="Search.Search">
        <test-method is-config="true" signature="tearTest()[pri:0, instance:Search.Search@19d37183]" started-at="2024-05-13T17:13:04 IST" name="tearTest" finished-at="2024-05-13T17:13:08 IST" duration-ms="3888" status="PASS">
          <reporter-output>
          </reporter-output>
        </test-method> <!-- tearTest -->
        <test-method signature="f()[pri:0, instance:Search.Search@19d37183]" started-at="2024-05-13T17:13:08 IST" name="f" finished-at="2024-05-13T17:13:08 IST" duration-ms="157" status="PASS">
          <reporter-output>
          </reporter-output>
        </test-method> <!-- f -->
        <test-method is-config="true" signature="tearDown()[pri:0, instance:Search.Search@19d37183]" started-at="2024-05-13T17:13:08 IST" name="tearDown" finished-at="2024-05-13T17:13:09 IST" duration-ms="508" status="PASS">
          <reporter-output>
          </reporter-output>
        </test-method> <!-- tearDown -->
      </class> <!-- Search.Search -->
      <class name="Home.Home">
        <test-method is-config="true" signature="tearTest()[pri:0, instance:Home.Home@78047b92]" started-at="2024-05-13T17:13:09 IST" name="tearTest" finished-at="2024-05-13T17:13:12 IST" duration-ms="3110" status="PASS">
          <reporter-output>
          </reporter-output>
        </test-method> <!-- tearTest -->
        <test-method signature="f()[pri:0, instance:Home.Home@78047b92]" started-at="2024-05-13T17:13:12 IST" name="f" finished-at="2024-05-13T17:13:12 IST" duration-ms="187" status="PASS">
          <reporter-output>
          </reporter-output>
        </test-method> <!-- f -->
        <test-method is-config="true" signature="tearDown()[pri:0, instance:Home.Home@78047b92]" started-at="2024-05-13T17:13:12 IST" name="tearDown" finished-at="2024-05-13T17:13:12 IST" duration-ms="482" status="PASS">
          <reporter-output>
          </reporter-output>
        </test-method> <!-- tearDown -->
      </class> <!-- Home.Home -->
    </test> <!-- Test -->
  </suite> <!-- Suite -->
</testng-results>
